#
# A fatal error has been detected by the Java Runtime Environment:
#
#  SIGSEGV (0xb) at pc=0xb498da07, pid=7157, tid=2209471344
#
# JRE version: 6.0_23-b23
# Java VM: OpenJDK Server VM (20.0-b11 mixed mode linux-x86 )
# Derivative: IcedTea6 1.11pre
# Distribution: Ubuntu 11.10, package 6b23~pre11-0ubuntu1.11.10
# Problematic frame:
# J  org.apache.xerces.impl.XMLDocumentFragmentScannerImpl$FragmentContentDispatcher.dispatch(Z)Z
#
# If you would like to submit a bug report, please include
# instructions how to reproduce the bug and visit:
#   https://bugs.launchpad.net/ubuntu/+source/openjdk-6/
#

---------------  T H R E A D  ---------------

Current thread (0x08d54800):  JavaThread "main" [_thread_in_Java, id=7173, stack(0x83acd000,0x83b1e000)]

siginfo:si_signo=SIGSEGV: si_errno=0, si_code=128 (), si_addr=0x00000000

Registers:
EAX=0x00000004, EBX=0x84d0aab0, ECX=0xac738f10, EDX=0xac7392bc
ESP=0x83b1beb0, EBP=0x00000001, ESI=0x0000003c, EDI=0x94b1ca30
EIP=0xb498da07, EFLAGS=0x00210246, CR2=0x00000008

Top of Stack: (sp=0x83b1beb0)
0x83b1beb0:   00000000 00000000 83b1befc 83b1bedc
0x83b1bec0:   ac7392b8 00000001 ac7392c0 ac7392bc
0x83b1bed0:   00000000 08d54800 ac738d80 ac74b888
0x83b1bee0:   ac738d80 ac738f10 0000003c ac739668
0x83b1bef0:   0000000d 00000000 83b1bf10 83b1bf38
0x83b1bf00:   b46a75e9 00000000 83b1bf38 b46a75dc
0x83b1bf10:   00000001 ac7392b8 83b1bf18 84cf9f90
0x83b1bf20:   83b1bf44 84d33840 00000000 84cf9fa8 

Instructions: (pc=0xb498da07)
0xb498d9e7:   e0 04 8b e8 f7 dd 13 e8 85 ed 0f 84 59 09 00 00
0xb498d9f7:   8b 59 04 81 fb b0 aa d0 84 0f 85 6a 11 00 00 90
0xb498da07:   e8 80 2f 02 00 8b 4c 24 18 8b 09 c7 41 40 07 00
0xb498da17:   00 00 ff 74 24 10 8f 44 24 28 33 ed e9 c7 00 00 

Register to memory mapping:

EAX=0x00000004 is an unknown value
EBX=0x84d0aab0 is an oop
{instance class} 
 - klass: {other class}
ECX=0xac738f10 is an oop
org.apache.xerces.impl.XMLNSDocumentScannerImpl 
 - klass: 'org/apache/xerces/impl/XMLNSDocumentScannerImpl'
EDX=0xac7392bc is an unknown value
ESP=0x83b1beb0 is pointing into the stack for thread: 0x08d54800
EBP=0x00000001 is an unknown value
ESI=0x0000003c is an unknown value
EDI=0x94b1ca30 is an oop
[B 
 - klass: {type array byte}
 - length: 65536


Stack: [0x83acd000,0x83b1e000],  sp=0x83b1beb0,  free space=315k
Native frames: (J=compiled Java code, j=interpreted, Vv=VM code, C=native code)
J  org.apache.xerces.impl.XMLDocumentFragmentScannerImpl$FragmentContentDispatcher.dispatch(Z)Z


---------------  P R O C E S S  ---------------

Java Threads: ( => current thread )
  0x804d2000 JavaThread "SubscriptionWatchDog" [_thread_blocked, id=7183, stack(0x81204000,0x81255000)]
  0x80ae6c00 JavaThread "JBoss System Threads(1)-2" daemon [_thread_in_native, id=7182, stack(0x8129a000,0x812eb000)]
  0x81c9b800 JavaThread "GC Daemon" daemon [_thread_blocked, id=7181, stack(0x81802000,0x81853000)]
  0x80a64800 JavaThread "RMI Reaper" [_thread_blocked, id=7180, stack(0x81853000,0x818a4000)]
  0x80ae6400 JavaThread "RMI TCP Accept-1098" daemon [_thread_in_native, id=7179, stack(0x818a4000,0x818f5000)]
  0x80dfbc00 JavaThread "JBoss System Threads(1)-1" daemon [_thread_in_native, id=7178, stack(0x81a04000,0x81a55000)]
  0x81cf6800 JavaThread "Timer-Log4jService" daemon [_thread_blocked, id=7177, stack(0x81a55000,0x81aa6000)]
  0x83901800 JavaThread "ZipFile Lock Reaper" daemon [_thread_blocked, id=7176, stack(0x8385e000,0x838af000)]
  0x8397f800 JavaThread "Timer-0" daemon [_thread_blocked, id=7175, stack(0x838af000,0x83900000)]
  0x08c7d400 JavaThread "DestroyJavaVM" [_thread_blocked, id=7160, stack(0xb76a4000,0xb76f5000)]
=>0x08d54800 JavaThread "main" [_thread_in_Java, id=7173, stack(0x83acd000,0x83b1e000)]
  0x08d20c00 JavaThread "Low Memory Detector" daemon [_thread_blocked, id=7171, stack(0x83ba7000,0x83bf8000)]
  0x08d1d800 JavaThread "C2 CompilerThread1" daemon [_thread_in_native, id=7170, stack(0x83bf8000,0x83c79000)]
  0x08d1b800 JavaThread "C2 CompilerThread0" daemon [_thread_in_native, id=7169, stack(0x83c79000,0x83cfa000)]
  0x08d1a000 JavaThread "Signal Dispatcher" daemon [_thread_blocked, id=7168, stack(0x83cfa000,0x83d4b000)]
  0x08d07400 JavaThread "Finalizer" daemon [_thread_blocked, id=7167, stack(0x83f4b000,0x83f9c000)]
  0x08d05c00 JavaThread "Reference Handler" daemon [_thread_blocked, id=7166, stack(0x83f9c000,0x83fed000)]

Other Threads:
  0x08d01c00 VMThread [stack: 0x83fed000,0x8406e000] [id=7165]
  0x08d22c00 WatcherThread [stack: 0x83b26000,0x83ba7000] [id=7172]

VM state:not at safepoint (normal execution)

VM Mutex/Monitor currently owned by a thread: None

Heap
 PSYoungGen      total 146496K, used 64275K [0xa9b40000, 0xb45e0000, 0xb45e0000)
  eden space 119680K, 38% used [0xa9b40000,0xac7eda28,0xb1020000)
  from space 26816K, 69% used [0xb2bb0000,0xb3dc7548,0xb45e0000)
  to   space 27520K, 0% used [0xb1020000,0xb1020000,0xb2b00000)
 PSOldGen        total 87424K, used 48660K [0x945e0000, 0x99b40000, 0xa9b40000)
  object space 87424K, 55% used [0x945e0000,0x975653e0,0x99b40000)
 PSPermGen       total 34816K, used 27113K [0x845e0000, 0x867e0000, 0x945e0000)
  object space 34816K, 77% used [0x845e0000,0x8605a460,0x867e0000)

Code Cache  [0xb46a4000, 0xb49bc000, 0xb76a4000)
 total_blobs=1046 nmethods=907 adapters=92 free_code_cache=47150144 largest_free_block=18368

Dynamic libraries:
00110000-001ee000 r-xp 00000000 08:03 1052115    /usr/lib/i386-linux-gnu/libstdc++.so.6.0.16
001ee000-001ef000 ---p 000de000 08:03 1052115    /usr/lib/i386-linux-gnu/libstdc++.so.6.0.16
001ef000-001f3000 r--p 000de000 08:03 1052115    /usr/lib/i386-linux-gnu/libstdc++.so.6.0.16
001f3000-001f4000 rw-p 000e2000 08:03 1052115    /usr/lib/i386-linux-gnu/libstdc++.so.6.0.16
001f4000-001fb000 rw-p 00000000 00:00 0 
001fb000-00206000 r-xp 00000000 08:03 1064078    /usr/lib/jvm/java-6-openjdk/jre/lib/i386/libverify.so
00206000-00207000 ---p 0000b000 08:03 1064078    /usr/lib/jvm/java-6-openjdk/jre/lib/i386/libverify.so
00207000-00208000 r--p 0000b000 08:03 1064078    /usr/lib/jvm/java-6-openjdk/jre/lib/i386/libverify.so
00208000-00209000 rw-p 0000c000 08:03 1064078    /usr/lib/jvm/java-6-openjdk/jre/lib/i386/libverify.so
00209000-00210000 r-xp 00000000 08:03 1064082    /usr/lib/jvm/java-6-openjdk/jre/lib/i386/libmanagement.so
00210000-00211000 r--p 00006000 08:03 1064082    /usr/lib/jvm/java-6-openjdk/jre/lib/i386/libmanagement.so
00211000-00212000 rw-p 00007000 08:03 1064082    /usr/lib/jvm/java-6-openjdk/jre/lib/i386/libmanagement.so
00215000-00228000 r-xp 00000000 08:03 2360312    /lib/i386-linux-gnu/libz.so.1.2.3.4
00228000-00229000 r--p 00012000 08:03 2360312    /lib/i386-linux-gnu/libz.so.1.2.3.4
00229000-0022a000 rw-p 00013000 08:03 2360312    /lib/i386-linux-gnu/libz.so.1.2.3.4
0022a000-00246000 r-xp 00000000 08:03 2360250    /lib/i386-linux-gnu/libgcc_s.so.1
00246000-00247000 r--p 0001b000 08:03 2360250    /lib/i386-linux-gnu/libgcc_s.so.1
00247000-00248000 rw-p 0001c000 08:03 2360250    /lib/i386-linux-gnu/libgcc_s.so.1
0024d000-0026b000 r-xp 00000000 08:03 2360216    /lib/i386-linux-gnu/ld-2.13.so
0026b000-0026c000 r--p 0001d000 08:03 2360216    /lib/i386-linux-gnu/ld-2.13.so
0026c000-0026d000 rw-p 0001e000 08:03 2360216    /lib/i386-linux-gnu/ld-2.13.so
0026d000-003e3000 r-xp 00000000 08:03 2360229    /lib/i386-linux-gnu/libc-2.13.so
003e3000-003e5000 r--p 00176000 08:03 2360229    /lib/i386-linux-gnu/libc-2.13.so
003e5000-003e6000 rw-p 00178000 08:03 2360229    /lib/i386-linux-gnu/libc-2.13.so
003e6000-003e9000 rw-p 00000000 00:00 0 
003e9000-0040f000 r-xp 00000000 08:03 1064047    /usr/lib/jvm/java-6-openjdk/jre/lib/i386/libjava.so
0040f000-00410000 r--p 00025000 08:03 1064047    /usr/lib/jvm/java-6-openjdk/jre/lib/i386/libjava.so
00410000-00412000 rw-p 00026000 08:03 1064047    /usr/lib/jvm/java-6-openjdk/jre/lib/i386/libjava.so
00412000-00427000 r-xp 00000000 08:03 2360264    /lib/i386-linux-gnu/libnsl-2.13.so
00427000-00428000 r--p 00015000 08:03 2360264    /lib/i386-linux-gnu/libnsl-2.13.so
00428000-00429000 rw-p 00016000 08:03 2360264    /lib/i386-linux-gnu/libnsl-2.13.so
00429000-0042b000 rw-p 00000000 00:00 0 
0042b000-00440000 r-xp 00000000 08:03 1064087    /usr/lib/jvm/java-6-openjdk/jre/lib/i386/libnet.so
00440000-00441000 r--p 00014000 08:03 1064087    /usr/lib/jvm/java-6-openjdk/jre/lib/i386/libnet.so
00441000-00442000 rw-p 00015000 08:03 1064087    /usr/lib/jvm/java-6-openjdk/jre/lib/i386/libnet.so
00631000-00638000 r-xp 00000000 08:03 1064053    /usr/lib/jvm/java-6-openjdk/jre/lib/i386/libzip.so
00638000-00639000 r--p 00006000 08:03 1064053    /usr/lib/jvm/java-6-openjdk/jre/lib/i386/libzip.so
00639000-0063a000 rw-p 00007000 08:03 1064053    /usr/lib/jvm/java-6-openjdk/jre/lib/i386/libzip.so
0064d000-00664000 r-xp 00000000 08:03 2360289    /lib/i386-linux-gnu/libpthread-2.13.so
00664000-00665000 r--p 00016000 08:03 2360289    /lib/i386-linux-gnu/libpthread-2.13.so
00665000-00666000 rw-p 00017000 08:03 2360289    /lib/i386-linux-gnu/libpthread-2.13.so
00666000-00668000 rw-p 00000000 00:00 0 
006e4000-006ec000 r-xp 00000000 08:03 2360266    /lib/i386-linux-gnu/libnss_compat-2.13.so
006ec000-006ed000 r--p 00007000 08:03 2360266    /lib/i386-linux-gnu/libnss_compat-2.13.so
006ed000-006ee000 rw-p 00008000 08:03 2360266    /lib/i386-linux-gnu/libnss_compat-2.13.so
00829000-00830000 r-xp 00000000 08:03 2360293    /lib/i386-linux-gnu/librt-2.13.so
00830000-00831000 r--p 00006000 08:03 2360293    /lib/i386-linux-gnu/librt-2.13.so
00831000-00832000 rw-p 00007000 08:03 2360293    /lib/i386-linux-gnu/librt-2.13.so
00849000-00853000 r-xp 00000000 08:03 2360274    /lib/i386-linux-gnu/libnss_nis-2.13.so
00853000-00854000 r--p 00009000 08:03 2360274    /lib/i386-linux-gnu/libnss_nis-2.13.so
00854000-00855000 rw-p 0000a000 08:03 2360274    /lib/i386-linux-gnu/libnss_nis-2.13.so
00cf3000-00cf6000 r-xp 00000000 08:03 2360240    /lib/i386-linux-gnu/libdl-2.13.so
00cf6000-00cf7000 r--p 00002000 08:03 2360240    /lib/i386-linux-gnu/libdl-2.13.so
00cf7000-00cf8000 rw-p 00003000 08:03 2360240    /lib/i386-linux-gnu/libdl-2.13.so
00d34000-00d35000 r-xp 00000000 00:00 0          [vdso]
00d69000-00d91000 r-xp 00000000 08:03 2360259    /lib/i386-linux-gnu/libm-2.13.so
00d91000-00d92000 r--p 00028000 08:03 2360259    /lib/i386-linux-gnu/libm-2.13.so
00d92000-00d93000 rw-p 00029000 08:03 2360259    /lib/i386-linux-gnu/libm-2.13.so
00dc2000-00dcd000 r-xp 00000000 08:03 2360270    /lib/i386-linux-gnu/libnss_files-2.13.so
00dcd000-00dce000 r--p 0000a000 08:03 2360270    /lib/i386-linux-gnu/libnss_files-2.13.so
00dce000-00dcf000 rw-p 0000b000 08:03 2360270    /lib/i386-linux-gnu/libnss_files-2.13.so
00de7000-00deb000 r-xp 00000000 08:03 1064063    /usr/lib/jvm/java-6-openjdk/jre/lib/i386/jli/libjli.so
00deb000-00dec000 r--p 00003000 08:03 1064063    /usr/lib/jvm/java-6-openjdk/jre/lib/i386/jli/libjli.so
00dec000-00ded000 rw-p 00004000 08:03 1064063    /usr/lib/jvm/java-6-openjdk/jre/lib/i386/jli/libjli.so
00ded000-0160b000 r-xp 00000000 08:03 1064070    /usr/lib/jvm/java-6-openjdk/jre/lib/i386/server/libjvm.so
0160b000-01650000 r--p 0081e000 08:03 1064070    /usr/lib/jvm/java-6-openjdk/jre/lib/i386/server/libjvm.so
01650000-0165f000 rw-p 00863000 08:03 1064070    /usr/lib/jvm/java-6-openjdk/jre/lib/i386/server/libjvm.so
0165f000-01a79000 rw-p 00000000 00:00 0 
08048000-08051000 r-xp 00000000 08:03 1063826    /usr/lib/jvm/java-6-openjdk/jre/bin/java
08051000-08052000 r--p 00008000 08:03 1063826    /usr/lib/jvm/java-6-openjdk/jre/bin/java
08052000-08053000 rw-p 00009000 08:03 1063826    /usr/lib/jvm/java-6-openjdk/jre/bin/java
08c76000-0c61d000 rw-p 00000000 00:00 0          [heap]
80200000-802ff000 rw-p 00000000 00:00 0 
802ff000-80300000 ---p 00000000 00:00 0 
80300000-803dc000 rw-p 00000000 00:00 0 
803dc000-80400000 ---p 00000000 00:00 0 
80400000-804fa000 rw-p 00000000 00:00 0 
804fa000-80500000 ---p 00000000 00:00 0 
80500000-805ef000 rw-p 00000000 00:00 0 
805ef000-80600000 ---p 00000000 00:00 0 
80600000-806fd000 rw-p 00000000 00:00 0 
806fd000-80700000 ---p 00000000 00:00 0 
80800000-80898000 rw-p 00000000 00:00 0 
80898000-80900000 ---p 00000000 00:00 0 
80900000-809f1000 rw-p 00000000 00:00 0 
809f1000-80a00000 ---p 00000000 00:00 0 
80a00000-80aff000 rw-p 00000000 00:00 0 
80aff000-80b00000 ---p 00000000 00:00 0 
80b00000-80c00000 rw-p 00000000 00:00 0 
80d00000-80dfc000 rw-p 00000000 00:00 0 
80dfc000-80e00000 ---p 00000000 00:00 0 
80f00000-80fd4000 rw-p 00000000 00:00 0 
80fd4000-81000000 ---p 00000000 00:00 0 
81000000-810fe000 rw-p 00000000 00:00 0 
810fe000-81100000 ---p 00000000 00:00 0 
81100000-811fe000 rw-p 00000000 00:00 0 
811fe000-81200000 ---p 00000000 00:00 0 
81204000-81207000 ---p 00000000 00:00 0 
81207000-81255000 rw-p 00000000 00:00 0 
8125b000-8125e000 r--s 00012000 08:03 265241     /home/matthieu/Documents/ALD/jboss-5.0.1.GA/server/default/deployers/jbossws.deployer/jbossws-jboss50.jar
8125e000-81260000 r--s 00005000 08:03 265238     /home/matthieu/Documents/ALD/jboss-5.0.1.GA/server/default/deployers/jbossws.deployer/jboss-jaxb-intros.jar
81260000-81263000 r--s 00015000 08:03 265240     /home/matthieu/Documents/ALD/jboss-5.0.1.GA/server/default/deployers/jbossws.deployer/jbossws-framework.jar
8126e000-81288000 r--s 00178000 08:03 265242     /home/matthieu/Documents/ALD/jboss-5.0.1.GA/server/default/deployers/jbossws.deployer/jbossws-native-core.jar
81288000-8128d000 r--s 00043000 08:03 265231     /home/matthieu/Documents/ALD/jboss-5.0.1.GA/server/default/deployers/jbossws.deployer/FastInfoset.jar
8128d000-8128f000 r--s 0000c000 08:03 265243     /home/matthieu/Documents/ALD/jboss-5.0.1.GA/server/default/deployers/jbossws.deployer/jettison.jar
8129a000-8129d000 ---p 00000000 00:00 0 
8129d000-812eb000 rw-p 00000000 00:00 0 
812eb000-81300000 r--s 00128000 08:03 2234706    /home/matthieu/Documents/ALD/jboss-5.0.1.GA/common/lib/jboss-metadata.jar
81300000-813cd000 rw-p 00000000 00:00 0 
813cd000-81400000 ---p 00000000 00:00 0 
81400000-814ff000 rw-p 00000000 00:00 0 
814ff000-81500000 ---p 00000000 00:00 0 
81500000-816fc000 rw-p 00000000 00:00 0 
816fc000-81700000 ---p 00000000 00:00 0 
81700000-81800000 rw-p 00000000 00:00 0 
81802000-81805000 ---p 00000000 00:00 0 
81805000-81853000 rw-p 00000000 00:00 0 
81853000-81856000 ---p 00000000 00:00 0 
81856000-818a4000 rw-p 00000000 00:00 0 
818a4000-818a7000 ---p 00000000 00:00 0 
818a7000-818f5000 rw-p 00000000 00:00 0 
81900000-81a00000 rw-p 00000000 00:00 0 
81a00000-81a02000 r--s 00016000 08:03 265239     /home/matthieu/Documents/ALD/jboss-5.0.1.GA/server/default/deployers/jbossws.deployer/jbossws-common.jar
81a02000-81a03000 r--s 00009000 08:03 265244     /home/matthieu/Documents/ALD/jboss-5.0.1.GA/server/default/deployers/jbossws.deployer/policy.jar
81a04000-81a07000 ---p 00000000 00:00 0 
81a07000-81a55000 rw-p 00000000 00:00 0 
81a55000-81a58000 ---p 00000000 00:00 0 
81a58000-81aa6000 rw-p 00000000 00:00 0 
81aaa000-81aad000 r--s 0000a000 08:03 2234662    /home/matthieu/Documents/ALD/jboss-5.0.1.GA/common/lib/ejb3-persistence.jar
81b00000-81bfb000 rw-p 00000000 00:00 0 
81bfb000-81c00000 ---p 00000000 00:00 0 
81c00000-81cfc000 rw-p 00000000 00:00 0 
81cfc000-81d00000 ---p 00000000 00:00 0 
81d00000-81dfb000 rw-p 00000000 00:00 0 
81dfb000-81e00000 ---p 00000000 00:00 0 
81e00000-81efc000 rw-p 00000000 00:00 0 
81efc000-81f00000 ---p 00000000 00:00 0 
81f00000-82100000 rw-p 00000000 00:00 0 
82100000-821ff000 rw-p 00000000 00:00 0 
821ff000-82200000 ---p 00000000 00:00 0 
82200000-82300000 rw-p 00000000 00:00 0 
82300000-823fb000 rw-p 00000000 00:00 0 
823fb000-82400000 ---p 00000000 00:00 0 
82400000-824fd000 rw-p 00000000 00:00 0 
824fd000-82500000 ---p 00000000 00:00 0 
82500000-825f9000 rw-p 00000000 00:00 0 
825f9000-82600000 ---p 00000000 00:00 0 
82600000-826f7000 rw-p 00000000 00:00 0 
826f7000-82700000 ---p 00000000 00:00 0 
82700000-827e7000 rw-p 00000000 00:00 0 
827e7000-82800000 ---p 00000000 00:00 0 
82800000-828fe000 rw-p 00000000 00:00 0 
828fe000-82900000 ---p 00000000 00:00 0 
82900000-82a00000 rw-p 00000000 00:00 0 
82a00000-82af9000 rw-p 00000000 00:00 0 
82af9000-82b00000 ---p 00000000 00:00 0 
82b00000-82c00000 rw-p 00000000 00:00 0 
82c00000-82cfe000 rw-p 00000000 00:00 0 
82cfe000-82d00000 ---p 00000000 00:00 0 
82d00000-82e00000 rw-p 00000000 00:00 0 
82e00000-83000000 rw-p 00000000 00:00 0 
83000000-83100000 rw-p 00000000 00:00 0 
83100000-831f9000 rw-p 00000000 00:00 0 
831f9000-83200000 ---p 00000000 00:00 0 
83200000-83300000 rw-p 00000000 00:00 0 
83300000-834fd000 rw-p 00000000 00:00 0 
834fd000-83500000 ---p 00000000 00:00 0 
83500000-83600000 rw-p 00000000 00:00 0 
83600000-83601000 r--s 00001000 08:03 265251     /home/matthieu/Documents/ALD/jboss-5.0.1.GA/server/default/deployers/seam.deployer/jboss-seam-int-microcontainer.jar
8367b000-83682000 r--s 000ba000 08:03 1583959    /home/matthieu/Documents/ALD/jboss-5.0.1.GA/server/default/deploy/mysql-connector-java-5.1.18-bin.jar
83682000-83688000 r--s 00047000 08:03 265072     /home/matthieu/Documents/ALD/jboss-5.0.1.GA/server/default/deploy/management/console-mgr.sar/jcommon.jar
83688000-83695000 r--s 00102000 08:03 265073     /home/matthieu/Documents/ALD/jboss-5.0.1.GA/server/default/deploy/management/console-mgr.sar/jfreechart.jar
83695000-836b3000 r--s 001a5000 08:03 2234718    /home/matthieu/Documents/ALD/jboss-5.0.1.GA/common/lib/jboss.jar
836b5000-836b7000 r--s 00002000 08:03 267281     /home/matthieu/Documents/ALD/jboss-5.0.1.GA/server/default/tmp/vfs-nested.tmp/8aece9ae_jboss-local-jdbc.jar
836b7000-836b8000 r--s 00003000 08:03 265011     /home/matthieu/Documents/ALD/jboss-5.0.1.GA/server/default/deploy/jboss-local-jdbc.rar
836b8000-836b9000 r--s 00001000 08:03 267278     /home/matthieu/Documents/ALD/jboss-5.0.1.GA/server/default/tmp/vfs-nested.tmp/c2c541a9_quartz-ra.jar
836b9000-836bb000 r--s 00001000 08:03 265186     /home/matthieu/Documents/ALD/jboss-5.0.1.GA/server/default/deploy/quartz-ra.rar
836bb000-836c5000 r--s 000c2000 08:03 265021     /home/matthieu/Documents/ALD/jboss-5.0.1.GA/server/default/deploy/jbossweb.sar/jsf-libs/jsf-impl.jar
836c5000-836c7000 r--s 00003000 08:03 265019     /home/matthieu/Documents/ALD/jboss-5.0.1.GA/server/default/deploy/jbossweb.sar/jsf-libs/jboss-faces.jar
836c7000-836cd000 r--s 00052000 08:03 265020     /home/matthieu/Documents/ALD/jboss-5.0.1.GA/server/default/deploy/jbossweb.sar/jsf-libs/jsf-api.jar
836cd000-836d3000 r--s 0004c000 08:03 265017     /home/matthieu/Documents/ALD/jboss-5.0.1.GA/server/default/deploy/jbossweb.sar/jboss-web-service.jar
836d3000-836dc000 r--s 0005e000 08:03 265022     /home/matthieu/Documents/ALD/jboss-5.0.1.GA/server/default/deploy/jbossweb.sar/jstl.jar
836dc000-836e9000 r--s 0015b000 08:03 265016     /home/matthieu/Documents/ALD/jboss-5.0.1.GA/server/default/deploy/jbossweb.sar/jasper-jdt.jar
836f5000-836fb000 r--s 0003d000 08:03 2234698    /home/matthieu/Documents/ALD/jboss-5.0.1.GA/common/lib/jboss-jca.jar
836fb000-83700000 r--s 0001d000 08:03 2234839    /home/matthieu/Documents/ALD/jboss-5.0.1.GA/lib/jboss-deployers-vfs.jar
83700000-837f9000 rw-p 00000000 00:00 0 
837f9000-83800000 ---p 00000000 00:00 0 
83800000-83802000 r--s 00002000 08:03 267348     /home/matthieu/Documents/ALD/jboss-5.0.1.GA/server/default/tmp/vfs-nested.tmp/0bf47254_jboss-xa-jdbc.jar
83802000-83803000 r--s 00003000 08:03 265012     /home/matthieu/Documents/ALD/jboss-5.0.1.GA/server/default/deploy/jboss-xa-jdbc.rar
83803000-83805000 r--s 00015000 08:03 2364297    /home/matthieu/Documents/ALD/jboss-5.0.1.GA/server/default/deploy/BowlingLeague.jar
83805000-83807000 r--s 00014000 08:03 267343     /home/matthieu/Documents/ALD/jboss-5.0.1.GA/server/default/tmp/vfs-nested.tmp/b3ca4e40_jms-ra.jar
83807000-83828000 r--s 00248000 08:03 265018     /home/matthieu/Documents/ALD/jboss-5.0.1.GA/server/default/deploy/jbossweb.sar/jbossweb.jar
83828000-83835000 r--s 00089000 08:03 2234724    /home/matthieu/Documents/ALD/jboss-5.0.1.GA/common/lib/jbosssx.jar
83835000-8383a000 r--s 00016000 08:03 2234732    /home/matthieu/Documents/ALD/jboss-5.0.1.GA/common/lib/jbossws-spi.jar
8383b000-8383f000 r--s 00020000 08:03 265071     /home/matthieu/Documents/ALD/jboss-5.0.1.GA/server/default/deploy/management/console-mgr.sar/console-mgr-classes.jar
8383f000-83842000 r--s 00011000 08:03 2234838    /home/matthieu/Documents/ALD/jboss-5.0.1.GA/lib/jboss-deployers-vfs-spi.jar
83842000-83846000 r--s 00019000 08:03 2234717    /home/matthieu/Documents/ALD/jboss-5.0.1.GA/common/lib/jboss-xacml.jar
83846000-83849000 r--s 0000f000 08:03 2234712    /home/matthieu/Documents/ALD/jboss-5.0.1.GA/common/lib/jboss-security-spi.jar
83849000-8384b000 r--s 0000b000 08:03 2234837    /home/matthieu/Documents/ALD/jboss-5.0.1.GA/lib/jboss-deployers-structure-spi.jar
8384b000-8384d000 r--s 00002000 08:03 2234701    /home/matthieu/Documents/ALD/jboss-5.0.1.GA/common/lib/jboss-jsr77.jar
8384d000-83852000 r--s 0003c000 08:03 2234720    /home/matthieu/Documents/ALD/jboss-5.0.1.GA/common/lib/jbossha.jar
83852000-83853000 r--s 00000000 08:03 265064     /home/matthieu/Documents/ALD/jboss-5.0.1.GA/server/default/deploy/jmx-remoting.sar/jbossas-jmx-remoting.jar
83853000-83857000 r--s 00027000 08:03 2234703    /home/matthieu/Documents/ALD/jboss-5.0.1.GA/common/lib/jboss-management.jar
83857000-8385a000 r--s 00019000 08:03 2234841    /home/matthieu/Documents/ALD/jboss-5.0.1.GA/lib/jboss-jmx.jar
8385a000-8385c000 r--s 00007000 08:03 2234704    /home/matthieu/Documents/ALD/jboss-5.0.1.GA/common/lib/jboss-messaging-int.jar
8385c000-8385e000 r--s 00007000 08:03 2234836    /home/matthieu/Documents/ALD/jboss-5.0.1.GA/lib/jboss-deployers-spi.jar
8385e000-83861000 ---p 00000000 00:00 0 
83861000-838af000 rw-p 00000000 00:00 0 
838af000-838b2000 ---p 00000000 00:00 0 
838b2000-83900000 rw-p 00000000 00:00 0 
83900000-83a00000 rw-p 00000000 00:00 0 
83a01000-83a02000 r--s 00014000 08:03 265032     /home/matthieu/Documents/ALD/jboss-5.0.1.GA/server/default/deploy/jms-ra.rar
83a02000-83a05000 r--s 00014000 08:03 2234840    /home/matthieu/Documents/ALD/jboss-5.0.1.GA/lib/jboss-j2se.jar
83a05000-83a06000 r--s 00004000 08:03 2234693    /home/matthieu/Documents/ALD/jboss-5.0.1.GA/common/lib/jboss-hibernate.jar
83a06000-83a09000 r--s 00015000 08:03 2234727    /home/matthieu/Documents/ALD/jboss-5.0.1.GA/common/lib/jbossws-framework.jar
83a09000-83a0b000 r--s 00016000 08:03 2234726    /home/matthieu/Documents/ALD/jboss-5.0.1.GA/common/lib/jbossws-common.jar
83a0b000-83a0c000 r--s 00003000 08:03 267276     /home/matthieu/Documents/ALD/jboss-5.0.1.GA/server/default/tmp/vfs-nested.tmp/18cf2d5f_mail-ra.jar
83a0c000-83a0d000 r--s 00003000 08:03 265067     /home/matthieu/Documents/ALD/jboss-5.0.1.GA/server/default/deploy/mail-ra.rar
83a0d000-83a10000 r--s 00012000 08:03 2234835    /home/matthieu/Documents/ALD/jboss-5.0.1.GA/lib/jboss-deployers-impl.jar
83a10000-83a18000 r--s 00051000 08:03 2234859    /home/matthieu/Documents/ALD/jboss-5.0.1.GA/lib/trove.jar
83a18000-83a1d000 r--s 00021000 08:03 2234822    /home/matthieu/Documents/ALD/jboss-5.0.1.GA/lib/jboss-aop-mc-int.jar
83a1d000-83a33000 r--s 0012f000 08:03 2234823    /home/matthieu/Documents/ALD/jboss-5.0.1.GA/lib/jboss-aop.jar
83a33000-83a35000 r--s 00005000 08:03 2234827    /home/matthieu/Documents/ALD/jboss-5.0.1.GA/lib/jboss-classloading-vfs.jar
83a35000-83a38000 r--s 00011000 08:03 2234828    /home/matthieu/Documents/ALD/jboss-5.0.1.GA/lib/jboss-classloading.jar
83a38000-83a3c000 r--s 0001b000 08:03 2234825    /home/matthieu/Documents/ALD/jboss-5.0.1.GA/lib/jboss-classloader.jar
83a3c000-83a3d000 r--s 00001000 08:03 2234826    /home/matthieu/Documents/ALD/jboss-5.0.1.GA/lib/jboss-classloading-spi.jar
83a3d000-83a43000 r--s 00037000 08:03 2234855    /home/matthieu/Documents/ALD/jboss-5.0.1.GA/lib/jboss-vfs.jar
83a43000-83a47000 r--s 00014000 08:03 2234847    /home/matthieu/Documents/ALD/jboss-5.0.1.GA/lib/jboss-managed.jar
83a47000-83a4a000 r--s 00016000 08:03 2234850    /home/matthieu/Documents/ALD/jboss-5.0.1.GA/lib/jboss-metatype.jar
83a4a000-83a59000 r--s 00085000 08:03 2234842    /home/matthieu/Documents/ALD/jboss-5.0.1.GA/lib/jboss-kernel.jar
83a59000-83a5c000 r--s 00014000 08:03 2234830    /home/matthieu/Documents/ALD/jboss-5.0.1.GA/lib/jboss-dependency.jar
83a5c000-83a61000 r--s 00027000 08:03 2234849    /home/matthieu/Documents/ALD/jboss-5.0.1.GA/lib/jboss-mdr.jar
83a61000-83a66000 r--s 0002e000 08:03 2234852    /home/matthieu/Documents/ALD/jboss-5.0.1.GA/lib/jboss-reflect.jar
83a66000-83a6f000 r--s 0008b000 08:03 2234815    /home/matthieu/Documents/ALD/jboss-5.0.1.GA/lib/javassist.jar
83a6f000-83a71000 r--s 00008000 08:03 2234824    /home/matthieu/Documents/ALD/jboss-5.0.1.GA/lib/jboss-bootstrap.jar
83a71000-83a7b000 r--s 00070000 08:03 2234856    /home/matthieu/Documents/ALD/jboss-5.0.1.GA/lib/jboss-xml-binding.jar
83a7b000-83a86000 r--s 00070000 08:03 2234829    /home/matthieu/Documents/ALD/jboss-5.0.1.GA/lib/jboss-common-core.jar
83a86000-83a89000 r--s 0000c000 08:03 2234843    /home/matthieu/Documents/ALD/jboss-5.0.1.GA/lib/jboss-logging-jdk.jar
83a89000-83a8b000 r--s 00005000 08:03 2234844    /home/matthieu/Documents/ALD/jboss-5.0.1.GA/lib/jboss-logging-log4j.jar
83a8b000-83a8d000 r--s 00002000 08:03 2234845    /home/matthieu/Documents/ALD/jboss-5.0.1.GA/lib/jboss-logging-spi.jar
83a8d000-83a91000 r--s 0001c000 08:03 2234857    /home/matthieu/Documents/ALD/jboss-5.0.1.GA/lib/log4j-boot.jar
83a91000-83a98000 r--s 00038000 08:03 2234805    /home/matthieu/Documents/ALD/jboss-5.0.1.GA/lib/concurrent.jar
83a98000-83aab000 r--s 00190000 08:03 2234812    /home/matthieu/Documents/ALD/jboss-5.0.1.GA/lib/endorsed/xalan.jar
83aab000-83ac2000 r--s 00119000 08:03 2234813    /home/matthieu/Documents/ALD/jboss-5.0.1.GA/lib/endorsed/xercesImpl.jar
83ac2000-83ac4000 r--s 00005000 08:03 2234811    /home/matthieu/Documents/ALD/jboss-5.0.1.GA/lib/endorsed/stax-api.jar
83ac4000-83ac7000 r--s 00017000 08:03 2234808    /home/matthieu/Documents/ALD/jboss-5.0.1.GA/lib/endorsed/jaxb-api.jar
83ac7000-83acb000 r--s 0002b000 08:03 2234810    /home/matthieu/Documents/ALD/jboss-5.0.1.GA/lib/endorsed/serializer.jar
83acb000-83acd000 r--s 0000e000 08:03 2234807    /home/matthieu/Documents/ALD/jboss-5.0.1.GA/lib/endorsed/activation.jar
83acd000-83ad0000 ---p 00000000 00:00 0 
83ad0000-83b1e000 rw-p 00000000 00:00 0 
83b1e000-83b26000 r--s 00066000 08:03 1193746    /usr/share/java/gnome-java-bridge.jar
83b26000-83b27000 ---p 00000000 00:00 0 
83b27000-83ba7000 rw-p 00000000 00:00 0 
83ba7000-83baa000 ---p 00000000 00:00 0 
83baa000-83bf8000 rw-p 00000000 00:00 0 
83bf8000-83bfb000 ---p 00000000 00:00 0 
83bfb000-83c79000 rw-p 00000000 00:00 0 
83c79000-83c7c000 ---p 00000000 00:00 0 
83c7c000-83cfa000 rw-p 00000000 00:00 0 
83cfa000-83cfd000 ---p 00000000 00:00 0 
83cfd000-83d4b000 rw-p 00000000 00:00 0 
83d4b000-83f4b000 r--p 00000000 08:03 1056058    /usr/lib/locale/locale-archive
83f4b000-83f4e000 ---p 00000000 00:00 0 
83f4e000-83f9c000 rw-p 00000000 00:00 0 
83f9c000-83f9f000 ---p 00000000 00:00 0 
83f9f000-83fed000 rw-p 00000000 00:00 0 
83fed000-83fee000 ---p 00000000 00:00 0 
83fee000-840a1000 rw-p 00000000 00:00 0 
840a1000-84232000 r--s 037b8000 08:03 1064090    /usr/lib/jvm/java-6-openjdk/jre/lib/rt.jar
84232000-84233000 ---p 00000000 00:00 0 
84233000-842b3000 rw-p 00000000 00:00 0 
842b3000-842b4000 ---p 00000000 00:00 0 
842b4000-84345000 rw-p 00000000 00:00 0 
84345000-843b4000 rw-p 00000000 00:00 0 
843b4000-843df000 rw-p 00000000 00:00 0 
843df000-8445f000 rw-p 00000000 00:00 0 
8445f000-84470000 rw-p 00000000 00:00 0 
84470000-844df000 rw-p 00000000 00:00 0 
844df000-8450a000 rw-p 00000000 00:00 0 
8450a000-84589000 rw-p 00000000 00:00 0 
84589000-845df000 rw-p 00000000 00:00 0 
845df000-867e0000 rw-p 00000000 00:00 0 
867e0000-945e0000 rw-p 00000000 00:00 0 
945e0000-99b40000 rw-p 00000000 00:00 0 
99b40000-a9b40000 rw-p 00000000 00:00 0 
a9b40000-b45e0000 rw-p 00000000 00:00 0 
b45e0000-b45e1000 r--s 00004000 08:03 2234833    /home/matthieu/Documents/ALD/jboss-5.0.1.GA/lib/jboss-deployers-core-spi.jar
b45e1000-b45e3000 r--s 00013000 08:03 2234809    /home/matthieu/Documents/ALD/jboss-5.0.1.GA/lib/endorsed/resolver.jar
b45e3000-b45e4000 r--s 00003000 08:03 2105728    /home/matthieu/Documents/ALD/jboss-5.0.1.GA/client/getopt.jar
b45e4000-b45f1000 rw-p 00000000 00:00 0 
b45f1000-b46a4000 rw-p 00000000 00:00 0 
b46a4000-b49bc000 rwxp 00000000 00:00 0 
b49bc000-b76a4000 rw-p 00000000 00:00 0 
b76a4000-b76a7000 ---p 00000000 00:00 0 
b76a7000-b76f8000 rw-p 00000000 00:00 0 
b76f8000-b76fb000 r--s 0007d000 08:03 1064008    /usr/lib/jvm/java-6-openjdk/jre/lib/jsse.jar
b76fb000-b76fd000 r--s 00009000 08:03 1971879    /home/matthieu/Documents/ALD/jboss-5.0.1.GA/bin/run.jar
b76fd000-b76ff000 r--s 0000f000 08:03 1064038    /usr/lib/jvm/java-6-openjdk/jre/lib/ext/pulse-java.jar
b76ff000-b7700000 r--p 002c9000 08:03 1056058    /usr/lib/locale/locale-archive
b7700000-b7708000 rw-s 00000000 08:03 2499099    /tmp/hsperfdata_matthieu/7157
b7708000-b7709000 rw-p 00000000 00:00 0 
b7709000-b770a000 r--p 00000000 00:00 0 
b770a000-b770c000 rw-p 00000000 00:00 0 
bfe58000-bfe79000 rw-p 00000000 00:00 0          [stack]

VM Arguments:
jvm_args: -Dprogram.name=run.bat -Xms128m -Xmx512m -XX:MaxPermSize=256m -Dfile.encoding=UTF-8 
java_command: org.jboss.Main -c default
Launcher Type: SUN_STANDARD

Environment Variables:
PATH=/usr/local/sbin:/usr/local/bin:/usr/sbin:/usr/bin:/sbin:/bin:/usr/games
LD_LIBRARY_PATH=/usr/lib/jvm/java-6-openjdk/jre/lib/i386/server:/usr/lib/jvm/java-6-openjdk/jre/lib/i386:/usr/lib/jvm/java-6-openjdk/jre/../lib/i386:/usr/lib/jvm/java-6-openjdk/jre/lib/i386/client:/usr/lib/jvm/java-6-openjdk/jre/lib/i386:
SHELL=/bin/bash
DISPLAY=:0

Signal Handlers:
SIGSEGV: [libjvm.so+0x66a530], sa_mask[0]=0x7ffbfeff, sa_flags=0x10000004
SIGBUS: [libjvm.so+0x66a530], sa_mask[0]=0x7ffbfeff, sa_flags=0x10000004
SIGFPE: [libjvm.so+0x52e2c0], sa_mask[0]=0x7ffbfeff, sa_flags=0x10000004
SIGPIPE: [libjvm.so+0x52e2c0], sa_mask[0]=0x7ffbfeff, sa_flags=0x10000004
SIGXFSZ: [libjvm.so+0x52e2c0], sa_mask[0]=0x7ffbfeff, sa_flags=0x10000004
SIGILL: [libjvm.so+0x52e2c0], sa_mask[0]=0x7ffbfeff, sa_flags=0x10000004
SIGUSR1: SIG_DFL, sa_mask[0]=0x00000000, sa_flags=0x00000000
SIGUSR2: [libjvm.so+0x52e150], sa_mask[0]=0x00000004, sa_flags=0x10000004
SIGHUP: [libjvm.so+0x5311f0], sa_mask[0]=0x7ffbfeff, sa_flags=0x10000004
SIGINT: [libjvm.so+0x5311f0], sa_mask[0]=0x7ffbfeff, sa_flags=0x10000004
SIGTERM: [libjvm.so+0x5311f0], sa_mask[0]=0x7ffbfeff, sa_flags=0x10000004
SIGQUIT: [libjvm.so+0x5311f0], sa_mask[0]=0x7ffbfeff, sa_flags=0x10000004


---------------  S Y S T E M  ---------------

OS:Ubuntu 11.10 (oneiric)
uname:Linux 3.0.0-13-generic #22-Ubuntu SMP Wed Nov 2 13:25:36 UTC 2011 i686
libc:glibc 2.13 NPTL 2.13 
rlimit: STACK 8192k, CORE 0k, NPROC 23797, NOFILE 4096, AS infinity
load average:0.69 0.22 0.17

/proc/meminfo:
MemTotal:        3065544 kB
MemFree:          541176 kB
Buffers:          103472 kB
Cached:           760580 kB
SwapCached:            0 kB
Active:          1781484 kB
Inactive:         618872 kB
Active(anon):    1537160 kB
Inactive(anon):    16800 kB
Active(file):     244324 kB
Inactive(file):   602072 kB
Unevictable:           0 kB
Mlocked:               0 kB
HighTotal:       2203088 kB
HighFree:         117656 kB
LowTotal:         862456 kB
LowFree:          423520 kB
SwapTotal:             0 kB
SwapFree:              0 kB
Dirty:              1056 kB
Writeback:             0 kB
AnonPages:       1536328 kB
Mapped:           219292 kB
Shmem:             17648 kB
Slab:              61408 kB
SReclaimable:      42832 kB
SUnreclaim:        18576 kB
KernelStack:        3800 kB
PageTables:        13720 kB
NFS_Unstable:          0 kB
Bounce:                0 kB
WritebackTmp:          0 kB
CommitLimit:     1532772 kB
Committed_AS:    4758088 kB
VmallocTotal:     122880 kB
VmallocUsed:       68320 kB
VmallocChunk:      35836 kB
HardwareCorrupted:     0 kB
AnonHugePages:         0 kB
HugePages_Total:       0
HugePages_Free:        0
HugePages_Rsvd:        0
HugePages_Surp:        0
Hugepagesize:       4096 kB
DirectMap4k:       69624 kB
DirectMap4M:      839680 kB


CPU:total 2 (2 cores per cpu, 1 threads per core) family 6 model 23 stepping 10, cmov, cx8, fxsr, mmx, sse, sse2, sse3, ssse3, sse4.1

Memory: 4k page, physical 3065544k(541176k free), swap 0k(0k free)

vm_info: OpenJDK Server VM (20.0-b11) for linux-x86 JRE (1.6.0_23-b23), built on Oct 22 2011 01:02:34 by "buildd" with gcc 4.6.1

time: Mon Nov 28 11:48:10 2011
elapsed time: 16 seconds

